2024-11-18 09:53:58,380 [INFO] Activator:176 - 


2024-11-18 09:53:58,383 [INFO] Activator:177 - !SESSION log4j initialized
2024-11-18 09:54:00,484 [INFO] LogOutputStream:77 - [STDOUT_REDIRECT] 
2024-11-18 09:54:02,026 [INFO] ApplicationProperties:184 - Using Application install path: C:\ST\STM32CubeIDE_1.11.2\STM32CubeIDE\plugins\com.st.stm32cube.common.mx_6.11.1.202404110753
2024-11-18 09:54:02,054 [INFO] DbMcusXml:78 - Set database path to: C:\ST\STM32CubeIDE_1.11.2\STM32CubeIDE\plugins\com.st.stm32cube.common.mx_6.11.1.202404110753\\db\/mcu/
2024-11-18 09:54:02,055 [INFO] ApiDb:274 - Set plugin database path to: C:\ST\STM32CubeIDE_1.11.2\STM32CubeIDE\plugins\com.st.stm32cube.common.mx_6.11.1.202404110753\\db\/plugins/boardmanager/
2024-11-18 09:54:02,055 [WARN] ApiDb:259 - Overriding images path with different value:  => C:\ST\STM32CubeIDE_1.11.2\STM32CubeIDE\plugins\com.st.stm32cube.common.mx_6.11.1.202404110753\\db\/plugins/mcufinder/images/
2024-11-18 09:54:02,061 [INFO] ApiDb:250 - Set database path to: C:\Users\Belina Sainju\.stmcufinder\plugins\mcufinder//mcu/
2024-11-18 09:54:02,063 [INFO] DbMcusAds:125 - Set database path to: C:\Users\Belina Sainju\.stmcufinder\plugins\mcufinder//mcu/
2024-11-18 09:54:02,064 [INFO] CrossReferenceDbSqlite:203 - Set database path to: C:\Users\Belina Sainju\.stmcufinder\plugins\mcufinder//mcu/cs/
2024-11-18 09:54:02,164 [INFO] RulesReader:64 - Compatibility file has been processed (297 Rules)
2024-11-18 09:54:02,249 [INFO] DbMcusXml:78 - Set database path to: C:\ST\STM32CubeIDE_1.11.2\STM32CubeIDE\plugins\com.st.stm32cube.common.mx_6.11.1.202404110753\\db\/mcu/
2024-11-18 09:54:02,249 [INFO] ApiDb:274 - Set plugin database path to: C:\ST\STM32CubeIDE_1.11.2\STM32CubeIDE\plugins\com.st.stm32cube.common.mx_6.11.1.202404110753\\db\/plugins/boardmanager/
2024-11-18 09:54:02,249 [INFO] ApiDb:261 - Set plugin images path to: C:\ST\STM32CubeIDE_1.11.2\STM32CubeIDE\plugins\com.st.stm32cube.common.mx_6.11.1.202404110753\\db\/plugins/mcufinder/images/
2024-11-18 09:54:02,250 [WARN] DbFile:41 - Overriding database path with different value: C:\Users\Belina Sainju\.stmcufinder\plugins\mcufinder/ => C:\Users\Belina Sainju\.stmcufinder\plugins\mcufinder
2024-11-18 09:54:02,250 [INFO] ApiDb:250 - Set database path to: C:\Users\Belina Sainju\.stmcufinder\plugins\mcufinder//mcu/
2024-11-18 09:54:02,250 [WARN] DbFile:41 - Overriding database path with different value: C:\Users\Belina Sainju\.stmcufinder\plugins\mcufinder/ => C:\Users\Belina Sainju\.stmcufinder\plugins\mcufinder
2024-11-18 09:54:02,250 [INFO] DbMcusAds:125 - Set database path to: C:\Users\Belina Sainju\.stmcufinder\plugins\mcufinder//mcu/
2024-11-18 09:54:02,250 [WARN] DbFile:41 - Overriding database path with different value: C:\Users\Belina Sainju\.stmcufinder\plugins\mcufinder/ => C:\Users\Belina Sainju\.stmcufinder\plugins\mcufinder
2024-11-18 09:54:02,250 [WARN] DbFile:41 - Overriding database path with different value: C:\Users\Belina Sainju\.stmcufinder\plugins\mcufinder/ => C:\Users\Belina Sainju\.stmcufinder\plugins\mcufinder
2024-11-18 09:54:02,250 [INFO] CrossReferenceDbSqlite:203 - Set database path to: C:\Users\Belina Sainju\.stmcufinder\plugins\mcufinder//mcu/cs/
2024-11-18 09:54:02,312 [INFO] MainPanel:264 - HeapMemory: 268435456
2024-11-18 09:54:02,382 [INFO] DbMcusXml:78 - Set database path to: C:\ST\STM32CubeIDE_1.11.2\STM32CubeIDE\plugins\com.st.stm32cube.common.mx_6.11.1.202404110753\\db\/mcu/
2024-11-18 09:54:02,382 [INFO] ApiDb:274 - Set plugin database path to: C:\ST\STM32CubeIDE_1.11.2\STM32CubeIDE\plugins\com.st.stm32cube.common.mx_6.11.1.202404110753\\db\/plugins/boardmanager/
2024-11-18 09:54:02,382 [INFO] ApiDb:261 - Set plugin images path to: C:\ST\STM32CubeIDE_1.11.2\STM32CubeIDE\plugins\com.st.stm32cube.common.mx_6.11.1.202404110753\\db\/plugins/mcufinder/images/
2024-11-18 09:54:02,382 [WARN] DbFile:41 - Overriding database path with different value: C:\Users\Belina Sainju\.stmcufinder\plugins\mcufinder/ => C:\Users\Belina Sainju\.stmcufinder\plugins\mcufinder
2024-11-18 09:54:02,382 [INFO] ApiDb:250 - Set database path to: C:\Users\Belina Sainju\.stmcufinder\plugins\mcufinder//mcu/
2024-11-18 09:54:02,382 [WARN] DbFile:41 - Overriding database path with different value: C:\Users\Belina Sainju\.stmcufinder\plugins\mcufinder/ => C:\Users\Belina Sainju\.stmcufinder\plugins\mcufinder
2024-11-18 09:54:02,383 [INFO] DbMcusAds:125 - Set database path to: C:\Users\Belina Sainju\.stmcufinder\plugins\mcufinder//mcu/
2024-11-18 09:54:02,383 [WARN] DbFile:41 - Overriding database path with different value: C:\Users\Belina Sainju\.stmcufinder\plugins\mcufinder/ => C:\Users\Belina Sainju\.stmcufinder\plugins\mcufinder
2024-11-18 09:54:02,383 [WARN] DbFile:41 - Overriding database path with different value: C:\Users\Belina Sainju\.stmcufinder\plugins\mcufinder/ => C:\Users\Belina Sainju\.stmcufinder\plugins\mcufinder
2024-11-18 09:54:02,383 [INFO] CrossReferenceDbSqlite:203 - Set database path to: C:\Users\Belina Sainju\.stmcufinder\plugins\mcufinder//mcu/cs/
2024-11-18 09:54:02,397 [INFO] ApplicationProperties:184 - Using Application install path: C:\ST\STM32CubeIDE_1.11.2\STM32CubeIDE\plugins\com.st.stm32cube.common.mx_6.11.1.202404110753
2024-11-18 09:54:02,398 [INFO] PluginManage:196 - Search for loadable plugins [exclusion list=, ]
2024-11-18 09:54:02,399 [INFO] PluginManage:310 - Check plugin analytics
2024-11-18 09:54:02,614 [INFO] AnalyticsPlugin:253 - Accepted Software Licenses: 
2024-11-18 09:54:02,614 [INFO] AnalyticsPlugin:255 - Accepted CMSIS Pack Licenses: 
2024-11-18 09:54:02,614 [INFO] AnalyticsPlugin:257 - Accepted Firmware Licenses: FW.U5.1.5.0
2024-11-18 09:54:02,616 [INFO] PluginManage:359 - Loaded plugin analytics (category:tool,tabindex:-1)
2024-11-18 09:54:02,617 [INFO] PluginManage:310 - Check plugin cadmodel
2024-11-18 09:54:02,622 [INFO] CADModel:105 - Init CAD model plugin
2024-11-18 09:54:02,622 [INFO] PluginManage:359 - Loaded plugin cadmodel (category:power,tabindex:5)
2024-11-18 09:54:02,622 [INFO] PluginManage:310 - Check plugin clock
2024-11-18 09:54:02,634 [INFO] PluginManage:359 - Loaded plugin clock (category:base,tabindex:2)
2024-11-18 09:54:02,634 [INFO] PluginManage:310 - Check plugin ddr
2024-11-18 09:54:02,638 [INFO] PluginManage:359 - Loaded plugin ddr (category:tool,tabindex:6)
2024-11-18 09:54:02,638 [INFO] PluginManage:310 - Check plugin filemanager
2024-11-18 09:54:02,837 [INFO] PluginManage:359 - Loaded plugin filemanager (category:base,tabindex:10)
2024-11-18 09:54:02,837 [INFO] PluginManage:310 - Check plugin ipmanager
2024-11-18 09:54:02,845 [INFO] PluginManage:359 - Loaded plugin ipmanager (category:base,tabindex:5)
2024-11-18 09:54:02,845 [INFO] PluginManage:310 - Check plugin lpbam
2024-11-18 09:54:02,854 [INFO] PluginManage:359 - Loaded plugin lpbam (category:base,tabindex:0)
2024-11-18 09:54:02,854 [INFO] PluginManage:310 - Check plugin memorymap
2024-11-18 09:54:02,867 [INFO] PluginManage:359 - Loaded plugin memorymap (category:base,tabindex:4)
2024-11-18 09:54:02,868 [INFO] PluginManage:310 - Check plugin pinoutandconfiguration
2024-11-18 09:54:02,874 [INFO] PluginManage:359 - Loaded plugin pinoutandconfiguration (category:base,tabindex:1)
2024-11-18 09:54:02,874 [INFO] PluginManage:310 - Check plugin pinoutconfig
2024-11-18 09:54:02,962 [WARN] SupportedApi:132 - Cannot load RTOS API schema: s4s-elt-must-match.1: The content of 'definitions' must match (annotation?, (simpleType | complexType)?, (unique | key | keyref)*)). A problem was found starting at: attribute.
2024-11-18 09:54:03,104 [INFO] PluginManage:359 - Loaded plugin pinoutconfig (category:base,tabindex:0)
2024-11-18 09:54:03,104 [INFO] PluginManage:310 - Check plugin power
2024-11-18 09:54:03,112 [INFO] PluginManage:359 - Loaded plugin power (category:power,tabindex:4)
2024-11-18 09:54:03,113 [INFO] PluginManage:310 - Check plugin projectmanager
2024-11-18 09:54:03,125 [INFO] PluginManage:359 - Loaded plugin projectmanager (category:projectmanager,tabindex:3)
2024-11-18 09:54:03,125 [INFO] PluginManage:310 - Check plugin thirdparty
2024-11-18 09:54:03,241 [INFO] PluginManage:359 - Loaded plugin thirdparty (category:base,tabindex:-1)
2024-11-18 09:54:03,241 [WARN] IntegrityCheckThread:84 - waiting for thirdparty lock release [integrity check]
2024-11-18 09:54:03,241 [INFO] PluginManage:310 - Check plugin tools
2024-11-18 09:54:03,241 [INFO] IntegrityCheckThread:86 - entering critical section [integrity check]
2024-11-18 09:54:03,242 [INFO] ThirdPartyUpdaterWithRetryManager:70 - Updater plugin not ready yet. [1/15]
2024-11-18 09:54:03,244 [INFO] PluginManage:359 - Loaded plugin tools (category:base,tabindex:7)
2024-11-18 09:54:03,244 [INFO] PluginManage:310 - Check plugin tutovideos
2024-11-18 09:54:03,428 [INFO] PluginManage:359 - Loaded plugin tutovideos (category:base,tabindex:-1)
2024-11-18 09:54:03,429 [INFO] PluginManage:310 - Check plugin updater
2024-11-18 09:54:03,438 [INFO] PluginManage:359 - Loaded plugin updater (category:base,tabindex:12)
2024-11-18 09:54:03,438 [INFO] PluginManage:310 - Check plugin userauth
2024-11-18 09:54:03,443 [INFO] UserAuth:114 - Init User Auth plugin
2024-11-18 09:54:03,443 [INFO] PluginManage:359 - Loaded plugin userauth (category:base,tabindex:14)
2024-11-18 09:54:03,444 [INFO] PluginManage:283 - PluginManage : Loaded plugins [17]
2024-11-18 09:54:03,633 [INFO] PinOutPanel:1561 - setPackage(No Configuration,No Configuration)
2024-11-18 09:54:03,704 [INFO] CADModel:165 - CPN selected for project level
2024-11-18 09:54:03,704 [INFO] CADModel:114 - Register for checkConnection events
2024-11-18 09:54:03,722 [INFO] IPUIPlugin:80 - create IPUIPlugin
2024-11-18 09:54:03,723 [INFO] PluginManager:220 - loadIPPluginJar : add adc
2024-11-18 09:54:03,725 [INFO] IPUIPlugin:80 - create IPUIPlugin
2024-11-18 09:54:03,726 [INFO] PluginManager:220 - loadIPPluginJar : add aes
2024-11-18 09:54:03,729 [INFO] IPUIPlugin:80 - create IPUIPlugin
2024-11-18 09:54:03,729 [INFO] PluginManager:220 - loadIPPluginJar : add can
2024-11-18 09:54:03,731 [INFO] IPUIPlugin:80 - create IPUIPlugin
2024-11-18 09:54:03,731 [INFO] PluginManager:220 - loadIPPluginJar : add comp
2024-11-18 09:54:03,734 [INFO] IPUIPlugin:80 - create IPUIPlugin
2024-11-18 09:54:03,734 [INFO] PluginManager:220 - loadIPPluginJar : add cryp
2024-11-18 09:54:03,737 [INFO] IPUIPlugin:80 - create IPUIPlugin
2024-11-18 09:54:03,737 [INFO] PluginManager:220 - loadIPPluginJar : add dfsdm
2024-11-18 09:54:03,742 [INFO] IPUIPlugin:80 - create IPUIPlugin
2024-11-18 09:54:03,742 [INFO] PluginManager:220 - loadIPPluginJar : add dma
2024-11-18 09:54:03,745 [INFO] IPUIPlugin:80 - create IPUIPlugin
2024-11-18 09:54:03,746 [INFO] PluginManager:220 - loadIPPluginJar : add dma3
2024-11-18 09:54:03,748 [INFO] IPUIPlugin:80 - create IPUIPlugin
2024-11-18 09:54:03,748 [INFO] PluginManager:220 - loadIPPluginJar : add extmemmanager
2024-11-18 09:54:03,750 [INFO] IPUIPlugin:80 - create IPUIPlugin
2024-11-18 09:54:03,750 [INFO] PluginManager:220 - loadIPPluginJar : add fatfs
2024-11-18 09:54:03,754 [INFO] IPUIPlugin:80 - create IPUIPlugin
2024-11-18 09:54:03,754 [INFO] PluginManager:220 - loadIPPluginJar : add fmc
2024-11-18 09:54:03,762 [INFO] IPUIPlugin:80 - create IPUIPlugin
2024-11-18 09:54:03,762 [INFO] PluginManager:220 - loadIPPluginJar : add freertos
2024-11-18 09:54:03,764 [INFO] IPUIPlugin:80 - create IPUIPlugin
2024-11-18 09:54:03,764 [INFO] PluginManager:220 - loadIPPluginJar : add genericplugin
2024-11-18 09:54:03,766 [INFO] IPUIPlugin:80 - create IPUIPlugin
2024-11-18 09:54:03,766 [INFO] PluginManager:220 - loadIPPluginJar : add gfxmmu
2024-11-18 09:54:03,771 [INFO] IPUIPlugin:80 - create IPUIPlugin
2024-11-18 09:54:03,771 [INFO] PluginManager:220 - loadIPPluginJar : add gic
2024-11-18 09:54:03,775 [INFO] IPUIPlugin:80 - create IPUIPlugin
2024-11-18 09:54:03,775 [INFO] PluginManager:220 - loadIPPluginJar : add gpio
2024-11-18 09:54:03,778 [INFO] IPUIPlugin:80 - create IPUIPlugin
2024-11-18 09:54:03,778 [INFO] PluginManager:220 - loadIPPluginJar : add gtzc
2024-11-18 09:54:03,781 [INFO] IPUIPlugin:80 - create IPUIPlugin
2024-11-18 09:54:03,781 [INFO] PluginManager:220 - loadIPPluginJar : add hash
2024-11-18 09:54:03,784 [INFO] IPUIPlugin:80 - create IPUIPlugin
2024-11-18 09:54:03,784 [INFO] PluginManager:220 - loadIPPluginJar : add i2c
2024-11-18 09:54:03,786 [INFO] IPUIPlugin:80 - create IPUIPlugin
2024-11-18 09:54:03,786 [INFO] PluginManager:220 - loadIPPluginJar : add i2s
2024-11-18 09:54:03,788 [INFO] IPUIPlugin:80 - create IPUIPlugin
2024-11-18 09:54:03,788 [INFO] PluginManager:220 - loadIPPluginJar : add i3c
2024-11-18 09:54:03,791 [INFO] IPUIPlugin:80 - create IPUIPlugin
2024-11-18 09:54:03,791 [INFO] PluginManager:220 - loadIPPluginJar : add ipddr
2024-11-18 09:54:03,798 [INFO] IPUIPlugin:80 - create IPUIPlugin
2024-11-18 09:54:03,798 [INFO] PluginManager:220 - loadIPPluginJar : add linkedlist
2024-11-18 09:54:03,800 [INFO] IPUIPlugin:80 - create IPUIPlugin
2024-11-18 09:54:03,801 [INFO] PluginManager:220 - loadIPPluginJar : add lorawan
2024-11-18 09:54:03,802 [INFO] IPUIPlugin:80 - create IPUIPlugin
2024-11-18 09:54:03,802 [INFO] PluginManager:220 - loadIPPluginJar : add ltdc
2024-11-18 09:54:03,807 [INFO] IPUIPlugin:80 - create IPUIPlugin
2024-11-18 09:54:03,807 [INFO] PluginManager:220 - loadIPPluginJar : add mdma
2024-11-18 09:54:03,810 [INFO] IPUIPlugin:80 - create IPUIPlugin
2024-11-18 09:54:03,810 [INFO] PluginManager:220 - loadIPPluginJar : add nvic
2024-11-18 09:54:03,813 [INFO] IPUIPlugin:80 - create IPUIPlugin
2024-11-18 09:54:03,813 [INFO] PluginManager:220 - loadIPPluginJar : add opamp
2024-11-18 09:54:03,816 [INFO] IPUIPlugin:80 - create IPUIPlugin
2024-11-18 09:54:03,816 [INFO] PluginManager:220 - loadIPPluginJar : add openamp
2024-11-18 09:54:03,818 [INFO] IPUIPlugin:80 - create IPUIPlugin
2024-11-18 09:54:03,818 [INFO] PluginManager:220 - loadIPPluginJar : add pdm2pcm
2024-11-18 09:54:03,823 [INFO] IPUIPlugin:80 - create IPUIPlugin
2024-11-18 09:54:03,825 [INFO] PluginManager:220 - loadIPPluginJar : add plateformsettings
2024-11-18 09:54:03,826 [INFO] IPUIPlugin:80 - create IPUIPlugin
2024-11-18 09:54:03,826 [INFO] PluginManager:220 - loadIPPluginJar : add quadspi
2024-11-18 09:54:03,829 [INFO] IPUIPlugin:80 - create IPUIPlugin
2024-11-18 09:54:03,829 [INFO] PluginManager:220 - loadIPPluginJar : add resmgrutility
2024-11-18 09:54:03,831 [INFO] IPUIPlugin:80 - create IPUIPlugin
2024-11-18 09:54:03,832 [INFO] PluginManager:220 - loadIPPluginJar : add sai
2024-11-18 09:54:03,833 [INFO] IPUIPlugin:80 - create IPUIPlugin
2024-11-18 09:54:03,833 [INFO] PluginManager:220 - loadIPPluginJar : add spi
2024-11-18 09:54:03,837 [INFO] IPUIPlugin:80 - create IPUIPlugin
2024-11-18 09:54:03,837 [INFO] PluginManager:220 - loadIPPluginJar : add stm32_wpan
2024-11-18 09:54:03,839 [INFO] IPUIPlugin:80 - create IPUIPlugin
2024-11-18 09:54:03,839 [INFO] PluginManager:220 - loadIPPluginJar : add tim
2024-11-18 09:54:03,841 [INFO] IPUIPlugin:80 - create IPUIPlugin
2024-11-18 09:54:03,841 [INFO] PluginManager:220 - loadIPPluginJar : add touchsensing
2024-11-18 09:54:03,843 [INFO] IPUIPlugin:80 - create IPUIPlugin
2024-11-18 09:54:03,843 [INFO] PluginManager:220 - loadIPPluginJar : add tracer_emb
2024-11-18 09:54:03,844 [INFO] IPUIPlugin:80 - create IPUIPlugin
2024-11-18 09:54:03,844 [INFO] PluginManager:220 - loadIPPluginJar : add ts
2024-11-18 09:54:03,846 [INFO] IPUIPlugin:80 - create IPUIPlugin
2024-11-18 09:54:03,846 [INFO] PluginManager:220 - loadIPPluginJar : add tsc
2024-11-18 09:54:03,847 [INFO] IPUIPlugin:80 - create IPUIPlugin
2024-11-18 09:54:03,847 [INFO] PluginManager:220 - loadIPPluginJar : add ucpd
2024-11-18 09:54:03,849 [INFO] IPUIPlugin:80 - create IPUIPlugin
2024-11-18 09:54:03,849 [INFO] PluginManager:220 - loadIPPluginJar : add usart
2024-11-18 09:54:03,851 [INFO] IPUIPlugin:80 - create IPUIPlugin
2024-11-18 09:54:03,851 [INFO] PluginManager:220 - loadIPPluginJar : add usbx
2024-11-18 09:54:03,969 [INFO] CADModel:165 - CPN selected for project level
2024-11-18 09:54:03,969 [INFO] CADModel:114 - Register for checkConnection events
2024-11-18 09:54:03,969 [FATAL] Updater:308 - Updater called before beeing initialized
2024-11-18 09:54:03,970 [ERROR] CADModel:125 - Updater not yet initialized, retry later 
2024-11-18 09:54:04,085 [INFO] CADModel:165 - CPN selected for project level
2024-11-18 09:54:04,085 [INFO] CADModel:114 - Register for checkConnection events
2024-11-18 09:54:04,085 [FATAL] Updater:308 - Updater called before beeing initialized
2024-11-18 09:54:04,085 [ERROR] CADModel:125 - Updater not yet initialized, retry later 
2024-11-18 09:54:04,090 [FATAL] Updater:308 - Updater called before beeing initialized
2024-11-18 09:54:04,169 [FATAL] Updater:308 - Updater called before beeing initialized
2024-11-18 09:54:04,173 [INFO] DbMcusAds:53 - JSON generation date=Fri Sep 20 09:04:38 EDT 2024 (1726837478367)
2024-11-18 09:54:04,173 [FATAL] Updater:308 - Updater called before beeing initialized
2024-11-18 09:54:04,205 [WARN] DetailPanel:346 - Failed to get advertising image, set to default
2024-11-18 09:54:04,272 [FATAL] Updater:308 - Updater called before beeing initialized
2024-11-18 09:54:04,274 [FATAL] Updater:308 - Updater called before beeing initialized
2024-11-18 09:54:04,274 [FATAL] Updater:308 - Updater called before beeing initialized
2024-11-18 09:54:04,274 [WARN] DetailPanel:346 - Failed to get advertising image, set to default
2024-11-18 09:54:04,275 [FATAL] Updater:308 - Updater called before beeing initialized
2024-11-18 09:54:04,314 [ERROR] Updater:1120 - MainUpdater not yet initialized. External WinMGr cannot be set.
2024-11-18 09:54:04,317 [INFO] Updater:1056 - Updater Version found : 6.11.1
2024-11-18 09:54:04,337 [INFO] ApplicationProperties:184 - Using Application install path: C:\ST\STM32CubeIDE_1.11.2\STM32CubeIDE\plugins\com.st.stm32cube.common.mx_6.11.1.202404110753
2024-11-18 09:54:04,686 [INFO] MainUpdater:2873 - connection check result : 10
2024-11-18 09:54:04,687 [INFO] MainUpdater:290 - Updater Check For Update Now.
2024-11-18 09:54:04,687 [INFO] MicroXplorer:498 - Change Database Version : DB.6.0.111
2024-11-18 09:54:04,703 [INFO] McuFinderGlobals:63 - Set McuFinder mode to 2 (CubeIDE integrated)
2024-11-18 09:54:04,703 [INFO] UserAuth:179 - activating auth plugin
2024-11-18 09:54:04,706 [INFO] UserAuth:415 - Internet connection configuration mode: 1
2024-11-18 09:54:04,755 [INFO] JxBrowserEngine:152 - Initiate JxBrowser Engine with user profile folder
2024-11-18 09:54:04,867 [INFO] CheckServerUpdateThread:120 - End of CheckServer Thread
2024-11-18 09:54:05,477 [INFO] WebApp:161 - Instantiating new browser for Auth
2024-11-18 09:54:06,014 [INFO] WebApp:779 - Register for checkConnection events
2024-11-18 09:54:06,014 [INFO] WebApp:414 - Apply proxy settings
2024-11-18 09:54:06,014 [INFO] WebApp:499 - Chromium requires no authentication
2024-11-18 09:54:06,022 [INFO] WebApp:442 - Direct internet connection detected
2024-11-18 09:54:06,195 [INFO] WebApp:192 - Starting web application
2024-11-18 09:54:06,195 [INFO] WebApp:544 - Web application path used C:\ST\STM32CubeIDE_1.11.2\STM32CubeIDE\plugins\com.st.stm32cube.common.mx_6.11.1.202404110753\db\plugins\mcufinder\reactClient1\index.html
2024-11-18 09:54:06,457 [WARN] PackLoader:240 - Cannot read IP mode file for STMicroelectronics.FP-SNS-MOTENVWB1.1.4.0
2024-11-18 09:54:06,465 [WARN] PackLoader:240 - Cannot read IP mode file for STMicroelectronics.FP-ATR-ASTRA1.2.0.1
2024-11-18 09:54:06,472 [WARN] PackLoader:240 - Cannot read IP mode file for STMicroelectronics.X-CUBE-SMBUS.2.1.0
2024-11-18 09:54:06,479 [WARN] PackLoader:240 - Cannot read IP mode file for STMicroelectronics.X-CUBE-WB05N.1.1.0
2024-11-18 09:54:06,484 [WARN] PackLoader:240 - Cannot read IP mode file for STMicroelectronics.X-CUBE-TOUCHGFX.4.23.2
2024-11-18 09:54:06,506 [WARN] PackLoader:240 - Cannot read IP mode file for STMicroelectronics.X-CUBE-AZRTOS-F7.1.1.0
2024-11-18 09:54:06,515 [WARN] PackLoader:240 - Cannot read IP mode file for STMicroelectronics.FP-SNS-MOTENV1.4.3.2
2024-11-18 09:54:06,563 [WARN] PackLoader:240 - Cannot read IP mode file for STMicroelectronics.X-CUBE-MEMS1.11.0.0
2024-11-18 09:54:06,684 [WARN] PackLoader:240 - Cannot read IP mode file for STMicroelectronics.X-CUBE-BLE1.6.2.4
2024-11-18 09:54:06,689 [WARN] PackLoader:240 - Cannot read IP mode file for STMicroelectronics.FP-SNS-FLIGHT1.5.0.2
2024-11-18 09:54:06,699 [WARN] PackLoader:240 - Cannot read IP mode file for STMicroelectronics.X-CUBE-DISPLAY.3.0.0
2024-11-18 09:54:06,706 [WARN] PackLoader:240 - Cannot read IP mode file for STMicroelectronics.X-CUBE-BLE1.7.0.0
2024-11-18 09:54:06,712 [WARN] PackLoader:240 - Cannot read IP mode file for STMicroelectronics.X-CUBE-NFC10.1.0.0
2024-11-18 09:54:06,719 [WARN] PackLoader:240 - Cannot read IP mode file for emotas.I-CUBE-CANOPEN.1.3.0
2024-11-18 09:54:06,722 [WARN] PackLoader:240 - Cannot read IP mode file for STMicroelectronics.X-CUBE-TOUCHGFX.4.22.0
2024-11-18 09:54:06,730 [WARN] PackLoader:240 - Cannot read IP mode file for STMicroelectronics.X-CUBE-BLEMGR.3.1.0
2024-11-18 09:54:06,736 [WARN] PackLoader:240 - Cannot read IP mode file for STMicroelectronics.FP-SNS-SMARTAG2.1.2.0
2024-11-18 09:54:06,742 [INFO] LogOutputStream:77 - [STDOUT_REDIRECT] 1 : Invalid condition id : UX_CORESTACK_Condition cause : null
2024-11-18 09:54:06,743 [INFO] LogOutputStream:77 - [STDOUT_REDIRECT] 1 : Invalid condition id : UX_CORESTACK_Condition cause : null
2024-11-18 09:54:06,744 [INFO] LogOutputStream:77 - [STDOUT_REDIRECT] 1 : Invalid condition id : UX_CORESTACK_Condition cause : null
2024-11-18 09:54:06,746 [INFO] LogOutputStream:77 - [STDOUT_REDIRECT] 1 : Invalid condition id : UX_CORESTACK_Condition cause : null
2024-11-18 09:54:06,747 [INFO] LogOutputStream:77 - [STDOUT_REDIRECT] 1 : Invalid condition id : UX_CORESTACK_Condition cause : null
2024-11-18 09:54:06,750 [WARN] PackLoader:240 - Cannot read IP mode file for STMicroelectronics.X-CUBE-AZRTOS-WL.2.0.0
2024-11-18 09:54:06,755 [WARN] PackLoader:240 - Cannot read IP mode file for STMicroelectronics.FP-SNS-MOTENV1.5.0.0
2024-11-18 09:54:06,759 [WARN] PackLoader:240 - Cannot read IP mode file for wolfSSL.I-CUBE-wolfMQTT.1.19.0
2024-11-18 09:54:06,768 [WARN] PackLoader:240 - Cannot read IP mode file for WES.I-CUBE-Cesium.1.3.0
2024-11-18 09:54:06,772 [WARN] PackLoader:240 - Cannot read IP mode file for STMicroelectronics.X-CUBE-BLE2.3.3.0
2024-11-18 09:54:06,779 [WARN] PackLoader:240 - Cannot read IP mode file for STMicroelectronics.X-CUBE-TOF1.3.2.0
2024-11-18 09:54:06,788 [WARN] PackLoader:240 - Cannot read IP mode file for STMicroelectronics.X-CUBE-NFC9.1.0.0
2024-11-18 09:54:06,793 [WARN] PackLoader:240 - Cannot read IP mode file for STMicroelectronics.X-CUBE-TCPP.4.1.0
2024-11-18 09:54:06,797 [WARN] PackLoader:240 - Cannot read IP mode file for STMicroelectronics.X-CUBE-TOUCHGFX.4.21.1
2024-11-18 09:54:06,821 [WARN] PackLoader:240 - Cannot read IP mode file for STMicroelectronics.X-CUBE-MEMS1.9.4.0
2024-11-18 09:54:06,892 [WARN] PackLoader:240 - Cannot read IP mode file for STMicroelectronics.X-CUBE-AI.7.3.0
2024-11-18 09:54:06,897 [WARN] PackLoader:240 - Cannot read IP mode file for STMicroelectronics.X-CUBE-ALGOBUILD.1.3.0
2024-11-18 09:54:06,906 [WARN] PackLoader:240 - Cannot read IP mode file for STMicroelectronics.X-CUBE-AZRTOS-G0.1.1.0
2024-11-18 09:54:06,912 [WARN] PackLoader:240 - Cannot read IP mode file for STMicroelectronics.X-CUBE-SAFEA1.1.2.2
2024-11-18 09:54:06,916 [WARN] PackLoader:240 - Cannot read IP mode file for STMicroelectronics.X-CUBE-NFC4.3.0.0
2024-11-18 09:54:06,919 [WARN] PackLoader:240 - Cannot read IP mode file for wolfSSL.I-CUBE-wolfMQTT.1.18.0
2024-11-18 09:54:06,926 [WARN] PackLoader:240 - Cannot read IP mode file for EmbeddedOffice.I-CUBE-FS-RTOS.1.0.1
2024-11-18 09:54:06,926 [ERROR] ConditionMgr:805 - Attr not supported : Dmpu
2024-11-18 09:54:06,926 [ERROR] ConditionMgr:805 - Attr not supported : Dmpu
2024-11-18 09:54:06,926 [ERROR] ConditionMgr:805 - Attr not supported : Dmpu
2024-11-18 09:54:06,926 [ERROR] ConditionMgr:805 - Attr not supported : Dmpu
2024-11-18 09:54:06,926 [ERROR] ConditionMgr:805 - Attr not supported : Dmpu
2024-11-18 09:54:06,926 [ERROR] ConditionMgr:805 - Attr not supported : Dmpu
2024-11-18 09:54:06,927 [ERROR] ConditionMgr:805 - Attr not supported : Dmpu
2024-11-18 09:54:06,927 [ERROR] ConditionMgr:805 - Attr not supported : Dmpu
2024-11-18 09:54:06,927 [ERROR] ConditionMgr:805 - Attr not supported : Dmpu
2024-11-18 09:54:06,927 [ERROR] ConditionMgr:805 - Attr not supported : Dmpu
2024-11-18 09:54:06,927 [ERROR] ConditionMgr:805 - Attr not supported : Dmpu
2024-11-18 09:54:06,927 [ERROR] ConditionMgr:805 - Attr not supported : Dmpu
2024-11-18 09:54:06,927 [ERROR] ConditionMgr:805 - Attr not supported : Dmpu
2024-11-18 09:54:06,927 [ERROR] ConditionMgr:805 - Attr not supported : Dmpu
2024-11-18 09:54:06,927 [ERROR] ConditionMgr:805 - Attr not supported : Dmpu
2024-11-18 09:54:06,927 [ERROR] ConditionMgr:805 - Attr not supported : Dmpu
2024-11-18 09:54:06,927 [ERROR] ConditionMgr:805 - Attr not supported : Dmpu
2024-11-18 09:54:06,927 [ERROR] ConditionMgr:805 - Attr not supported : Dmpu
2024-11-18 09:54:06,927 [ERROR] ConditionMgr:805 - Attr not supported : Dmpu
2024-11-18 09:54:06,927 [ERROR] ConditionMgr:805 - Attr not supported : Dmpu
2024-11-18 09:54:06,927 [ERROR] ConditionMgr:805 - Attr not supported : Dmpu
2024-11-18 09:54:06,927 [ERROR] ConditionMgr:805 - Attr not supported : Dmpu
2024-11-18 09:54:06,927 [ERROR] ConditionMgr:805 - Attr not supported : Dmpu
2024-11-18 09:54:06,927 [ERROR] ConditionMgr:805 - Attr not supported : Dmpu
2024-11-18 09:54:06,927 [ERROR] ConditionMgr:805 - Attr not supported : Dmpu
2024-11-18 09:54:06,927 [ERROR] ConditionMgr:805 - Attr not supported : Dmpu
2024-11-18 09:54:06,927 [ERROR] ConditionMgr:805 - Attr not supported : Dmpu
2024-11-18 09:54:06,928 [ERROR] ConditionMgr:805 - Attr not supported : Dmpu
2024-11-18 09:54:06,928 [ERROR] ConditionMgr:805 - Attr not supported : Dmpu
2024-11-18 09:54:06,928 [ERROR] ConditionMgr:805 - Attr not supported : Dmpu
2024-11-18 09:54:06,928 [ERROR] ConditionMgr:805 - Attr not supported : Dmpu
2024-11-18 09:54:06,928 [ERROR] ConditionMgr:805 - Attr not supported : Dmpu
2024-11-18 09:54:06,928 [ERROR] ConditionMgr:805 - Attr not supported : Dmpu
2024-11-18 09:54:06,928 [ERROR] ConditionMgr:805 - Attr not supported : Dmpu
2024-11-18 09:54:06,928 [ERROR] ConditionMgr:805 - Attr not supported : Dmpu
2024-11-18 09:54:06,928 [ERROR] ConditionMgr:805 - Attr not supported : Dmpu
2024-11-18 09:54:06,928 [ERROR] ConditionMgr:805 - Attr not supported : Dmpu
2024-11-18 09:54:06,928 [ERROR] ConditionMgr:805 - Attr not supported : Dmpu
2024-11-18 09:54:06,928 [ERROR] ConditionMgr:805 - Attr not supported : Dmpu
2024-11-18 09:54:06,928 [ERROR] ConditionMgr:805 - Attr not supported : Dmpu
2024-11-18 09:54:06,928 [ERROR] ConditionMgr:805 - Attr not supported : Dmpu
2024-11-18 09:54:06,928 [ERROR] ConditionMgr:805 - Attr not supported : Dmpu
2024-11-18 09:54:06,928 [ERROR] ConditionMgr:805 - Attr not supported : Dmpu
2024-11-18 09:54:06,928 [ERROR] ConditionMgr:805 - Attr not supported : Dmpu
2024-11-18 09:54:06,928 [ERROR] ConditionMgr:805 - Attr not supported : Dmpu
2024-11-18 09:54:06,928 [ERROR] ConditionMgr:805 - Attr not supported : Dmpu
2024-11-18 09:54:06,928 [ERROR] ConditionMgr:805 - Attr not supported : Dmpu
2024-11-18 09:54:06,928 [ERROR] ConditionMgr:805 - Attr not supported : Dmpu
2024-11-18 09:54:06,929 [ERROR] ConditionMgr:805 - Attr not supported : Dmpu
2024-11-18 09:54:06,929 [ERROR] ConditionMgr:805 - Attr not supported : Dmpu
2024-11-18 09:54:06,929 [ERROR] ConditionMgr:805 - Attr not supported : Dmpu
2024-11-18 09:54:06,929 [ERROR] ConditionMgr:805 - Attr not supported : Dmpu
2024-11-18 09:54:06,929 [ERROR] ConditionMgr:805 - Attr not supported : Dmpu
2024-11-18 09:54:06,929 [ERROR] ConditionMgr:805 - Attr not supported : Dmpu
2024-11-18 09:54:06,929 [ERROR] ConditionMgr:805 - Attr not supported : Dmpu
2024-11-18 09:54:06,929 [ERROR] ConditionMgr:805 - Attr not supported : Dmpu
2024-11-18 09:54:06,929 [ERROR] ConditionMgr:805 - Attr not supported : Dmpu
2024-11-18 09:54:06,929 [ERROR] ConditionMgr:805 - Attr not supported : Dmpu
2024-11-18 09:54:06,929 [ERROR] ConditionMgr:805 - Attr not supported : Dmpu
2024-11-18 09:54:06,929 [ERROR] ConditionMgr:805 - Attr not supported : Dmpu
2024-11-18 09:54:06,929 [ERROR] ConditionMgr:805 - Attr not supported : Dmpu
2024-11-18 09:54:06,929 [ERROR] ConditionMgr:805 - Attr not supported : Dmpu
2024-11-18 09:54:06,929 [ERROR] ConditionMgr:805 - Attr not supported : Dmpu
2024-11-18 09:54:06,929 [ERROR] ConditionMgr:805 - Attr not supported : Dmpu
2024-11-18 09:54:06,934 [WARN] PackLoader:240 - Cannot read IP mode file for STMicroelectronics.X-CUBE-BLEMGR.1.3.0
2024-11-18 09:54:06,939 [WARN] PackLoader:240 - Cannot read IP mode file for RealThread.X-CUBE-RT-Thread_Nano.4.1.1
2024-11-18 09:54:06,943 [WARN] PackLoader:240 - Cannot read IP mode file for wolfSSL.I-CUBE-wolfSSL.5.7.0
2024-11-18 09:54:06,946 [WARN] PackLoader:240 - Cannot read IP mode file for STMicroelectronics.FP-ATR-SIGFOX1.3.2.0
2024-11-18 09:54:06,950 [WARN] ConditionMgr:438 - getConditionDescription Invalid condition id : Cortex-A Device cause : null
2024-11-18 09:54:06,962 [WARN] ConditionMgr:1039 - genDependencies : Invalid condition id : Cortex-A Device cause : null
2024-11-18 09:54:06,962 [WARN] ConditionMgr:1039 - genDependencies : Invalid condition id : Cortex-A Device cause : null
2024-11-18 09:54:06,962 [WARN] ConditionMgr:1039 - genDependencies : Invalid condition id : Cortex-A Device cause : null
2024-11-18 09:54:06,967 [WARN] PackLoader:240 - Cannot read IP mode file for STMicroelectronics.X-CUBE-EEPRMA1.5.1.0
2024-11-18 09:54:06,972 [WARN] PackLoader:240 - Cannot read IP mode file for ITTIA_DB.I-CUBE-ITTIADB.8.9.0
2024-11-18 09:54:07,002 [WARN] PackLoader:240 - Cannot read IP mode file for STMicroelectronics.X-CUBE-MEMS1.9.5.0
2024-11-18 09:54:07,110 [WARN] PackLoader:240 - Cannot read IP mode file for SEGGER.I-CUBE-embOS.1.3.1
2024-11-18 09:54:07,143 [WARN] PackLoader:240 - Cannot read IP mode file for STMicroelectronics.X-CUBE-ALGOBUILD.1.4.0
2024-11-18 09:54:07,148 [WARN] PackLoader:240 - Cannot read IP mode file for STMicroelectronics.X-CUBE-AI.9.1.0
2024-11-18 09:54:07,154 [WARN] PackLoader:240 - Cannot read IP mode file for STMicroelectronics.X-CUBE-GNSS1.6.0.0
2024-11-18 09:54:07,179 [WARN] PackLoader:240 - Cannot read IP mode file for STMicroelectronics.X-CUBE-AZRTOS-F4.1.1.0
2024-11-18 09:54:07,187 [WARN] PackLoader:240 - Cannot read IP mode file for STMicroelectronics.X-CUBE-ISPU.2.1.0
2024-11-18 09:54:07,193 [WARN] PackLoader:240 - Cannot read IP mode file for STMicroelectronics.X-CUBE-FREERTOS.1.2.0
2024-11-18 09:54:07,204 [WARN] PackLoader:240 - Cannot read IP mode file for STMicroelectronics.X-CUBE-AZRTOS-L5.2.0.0
2024-11-18 09:54:07,227 [WARN] PackLoader:240 - Cannot read IP mode file for STMicroelectronics.X-CUBE-MEMS1.9.6.0
2024-11-18 09:54:07,323 [WARN] PackLoader:240 - Cannot read IP mode file for STMicroelectronics.X-CUBE-NFC6.3.1.0
2024-11-18 09:54:07,327 [WARN] PackLoader:240 - Cannot read IP mode file for emotas.I-CUBE-CANOPEN.1.1.3
2024-11-18 09:54:07,332 [WARN] PackLoader:240 - Cannot read IP mode file for STMicroelectronics.X-CUBE-BLEMGR.2.0.0
2024-11-18 09:54:07,338 [WARN] PackLoader:240 - Cannot read IP mode file for STMicroelectronics.X-CUBE-DPower.1.2.0
2024-11-18 09:54:07,341 [WARN] PackLoader:240 - Cannot read IP mode file for STMicroelectronics.X-CUBE-AI.9.0.0
2024-11-18 09:54:07,350 [WARN] ConditionMgr:438 - getConditionDescription Invalid condition id : UX DEVICE CLASS RTOS Condition cause : null
2024-11-18 09:54:07,351 [WARN] ConditionMgr:438 - getConditionDescription Invalid condition id : UX DEVICE CLASS RTOS Condition cause : null
2024-11-18 09:54:07,352 [WARN] PackLoader:240 - Cannot read IP mode file for STMicroelectronics.X-CUBE-AZRTOS-H7.3.1.0
2024-11-18 09:54:07,353 [WARN] ConditionMgr:1039 - genDependencies : Invalid condition id : UX DEVICE CLASS RTOS Condition cause : null
2024-11-18 09:54:07,353 [WARN] ConditionMgr:1039 - genDependencies : Invalid condition id : UX DEVICE CLASS RTOS Condition cause : null
2024-11-18 09:54:07,353 [WARN] ConditionMgr:1039 - genDependencies : Invalid condition id : UX DEVICE CLASS RTOS Condition cause : null
2024-11-18 09:54:07,354 [WARN] ConditionMgr:1039 - genDependencies : Invalid condition id : UX DEVICE CLASS RTOS Condition cause : null
2024-11-18 09:54:07,354 [WARN] ConditionMgr:1039 - genDependencies : Invalid condition id : UX DEVICE CLASS RTOS Condition cause : null
2024-11-18 09:54:07,358 [WARN] PackLoader:240 - Cannot read IP mode file for wolfSSL.I-CUBE-wolfSSL.5.5.4
2024-11-18 09:54:07,362 [WARN] PackLoader:240 - Cannot read IP mode file for STMicroelectronics.X-CUBE-NFC7.1.0.1
2024-11-18 09:54:07,366 [WARN] PackLoader:240 - Cannot read IP mode file for STMicroelectronics.X-CUBE-NFC7.1.0.0
2024-11-18 09:54:07,370 [WARN] PackLoader:240 - Cannot read IP mode file for wolfSSL.I-CUBE-wolfTPM.3.2.0
2024-11-18 09:54:07,374 [WARN] PackLoader:240 - Cannot read IP mode file for STMicroelectronics.X-CUBE-NFC6.3.0.0
2024-11-18 09:54:07,379 [WARN] PackLoader:240 - Cannot read IP mode file for STMicroelectronics.X-CUBE-EEPRMA1.4.1.0
2024-11-18 09:54:07,382 [WARN] PackLoader:240 - Cannot read IP mode file for STMicroelectronics.X-CUBE-AI.8.1.0
2024-11-18 09:54:07,396 [WARN] ConditionMgr:438 - getConditionDescription Invalid condition id : LAN8742 Phy interface Condition cause : null
2024-11-18 09:54:07,397 [WARN] PackLoader:240 - Cannot read IP mode file for STMicroelectronics.X-CUBE-AZRTOS-L4.2.0.0
2024-11-18 09:54:07,398 [WARN] ConditionMgr:1039 - genDependencies : Invalid condition id : LAN8742 Phy interface Condition cause : null
2024-11-18 09:54:07,398 [WARN] ConditionMgr:1039 - genDependencies : Invalid condition id : LAN8742 Phy interface Condition cause : null
2024-11-18 09:54:07,398 [WARN] ConditionMgr:1039 - genDependencies : Invalid condition id : LAN8742 Phy interface Condition cause : null
2024-11-18 09:54:07,403 [WARN] PackLoader:240 - Cannot read IP mode file for STMicroelectronics.X-CUBE-SFXS2LP1.4.0.0
2024-11-18 09:54:07,419 [WARN] PackLoader:240 - Cannot read IP mode file for STMicroelectronics.X-CUBE-AZRTOS-H7.3.0.0
2024-11-18 09:54:07,424 [WARN] PackLoader:240 - Cannot read IP mode file for STMicroelectronics.X-CUBE-ISPU.1.1.0
2024-11-18 09:54:07,439 [WARN] PackLoader:240 - Cannot read IP mode file for STMicroelectronics.X-CUBE-AZRTOS-H7.3.3.0
2024-11-18 09:54:07,446 [WARN] PackLoader:240 - Cannot read IP mode file for RoweBots.I-CUBE-UNISONRTOS.5.5.0-4
2024-11-18 09:54:07,450 [WARN] PackLoader:240 - Cannot read IP mode file for STMicroelectronics.X-CUBE-AI.8.0.0
2024-11-18 09:54:07,456 [WARN] PackLoader:240 - Cannot read IP mode file for STMicroelectronics.X-CUBE-IPS.3.0.0
2024-11-18 09:54:07,473 [WARN] ConditionMgr:438 - getConditionDescription Invalid condition id : UX DEVICE CLASS RTOS Condition cause : null
2024-11-18 09:54:07,473 [WARN] ConditionMgr:438 - getConditionDescription Invalid condition id : UX DEVICE CLASS RTOS Condition cause : null
2024-11-18 09:54:07,475 [WARN] PackLoader:240 - Cannot read IP mode file for STMicroelectronics.X-CUBE-AZRTOS-WB.2.0.0
2024-11-18 09:54:07,475 [WARN] ConditionMgr:1039 - genDependencies : Invalid condition id : UX DEVICE CLASS RTOS Condition cause : null
2024-11-18 09:54:07,475 [WARN] ConditionMgr:1039 - genDependencies : Invalid condition id : UX DEVICE CLASS RTOS Condition cause : null
2024-11-18 09:54:07,476 [WARN] ConditionMgr:1039 - genDependencies : Invalid condition id : UX DEVICE CLASS RTOS Condition cause : null
2024-11-18 09:54:07,476 [WARN] ConditionMgr:1039 - genDependencies : Invalid condition id : UX DEVICE CLASS RTOS Condition cause : null
2024-11-18 09:54:07,476 [WARN] ConditionMgr:1039 - genDependencies : Invalid condition id : UX DEVICE CLASS RTOS Condition cause : null
2024-11-18 09:54:07,480 [WARN] PackLoader:240 - Cannot read IP mode file for STMicroelectronics.X-CUBE-GNSS1.7.0.0
2024-11-18 09:54:07,486 [WARN] PackLoader:240 - Cannot read IP mode file for STMicroelectronics.FP-SNS-STBOX1.2.0.0
2024-11-18 09:54:07,497 [WARN] PackLoader:240 - Cannot read IP mode file for STMicroelectronics.X-CUBE-AZRTOS-L5.1.1.0
2024-11-18 09:54:07,505 [WARN] PackLoader:240 - Cannot read IP mode file for STMicroelectronics.X-CUBE-SUBG2.5.0.0
2024-11-18 09:54:07,511 [WARN] PackLoader:240 - Cannot read IP mode file for Cesanta.I-CUBE-Mongoose.7.13.0
2024-11-18 09:54:07,517 [WARN] PackLoader:240 - Cannot read IP mode file for STMicroelectronics.X-CUBE-TOF1.3.3.1
2024-11-18 09:54:07,529 [WARN] PackLoader:240 - Cannot read IP mode file for STMicroelectronics.X-CUBE-AZRTOS-G4.2.0.0
2024-11-18 09:54:07,533 [WARN] PackLoader:240 - Cannot read IP mode file for STMicroelectronics.FP-ATR-ASTRA1.1.1.1
2024-11-18 09:54:07,537 [WARN] PackLoader:240 - Cannot read IP mode file for STMicroelectronics.FP-SNS-MOTENVWB1.1.3.1
2024-11-18 09:54:07,543 [WARN] PackLoader:240 - Cannot read IP mode file for STMicroelectronics.X-CUBE-AZRTOS-G4.1.0.0
2024-11-18 09:54:07,554 [WARN] PackLoader:240 - Cannot read IP mode file for STMicroelectronics.X-CUBE-AZRTOS-L4.1.0.0
2024-11-18 09:54:07,560 [WARN] PackLoader:240 - Cannot read IP mode file for STMicroelectronics.X-CUBE-ISPU.2.0.0
2024-11-18 09:54:07,565 [WARN] PackLoader:240 - Cannot read IP mode file for STMicroelectronics.X-CUBE-ALS.1.0.2
2024-11-18 09:54:07,593 [WARN] PackLoader:240 - Cannot read IP mode file for STMicroelectronics.X-CUBE-MEMS1.10.0.0
2024-11-18 09:54:07,655 [WARN] PackLoader:240 - Cannot read IP mode file for STMicroelectronics.X-CUBE-FREERTOS.1.1.0
2024-11-18 09:54:07,659 [WARN] PackLoader:240 - Cannot read IP mode file for STMicroelectronics.X-CUBE-TOUCHGFX.4.24.0
2024-11-18 09:54:07,665 [WARN] PackLoader:240 - Cannot read IP mode file for STMicroelectronics.X-CUBE-AZRTOS-WL.1.0.0
2024-11-18 09:54:07,668 [WARN] PackLoader:240 - Cannot read IP mode file for STMicroelectronics.X-CUBE-TOUCHGFX.4.24.1
2024-11-18 09:54:07,673 [WARN] PackLoader:240 - Cannot read IP mode file for portGmbH.I-Cube-SoM-uGOAL.1.1.0
2024-11-18 09:54:07,676 [WARN] PackLoader:240 - Cannot read IP mode file for STMicroelectronics.X-CUBE-ALS.1.0.1
2024-11-18 09:54:07,683 [WARN] PackLoader:240 - Cannot read IP mode file for STMicroelectronics.X-CUBE-AZRTOS-WB.1.1.0
2024-11-18 09:54:07,696 [WARN] PackLoader:240 - Cannot read IP mode file for STMicroelectronics.X-CUBE-AZRTOS-H7RS.1.0.0
2024-11-18 09:54:07,701 [WARN] PackLoader:240 - Cannot read IP mode file for STMicroelectronics.FP-ATR-ASTRA1.2.0.0
2024-11-18 09:54:07,709 [WARN] PackLoader:240 - Cannot read IP mode file for STMicroelectronics.X-CUBE-TOF1.3.4.2
2024-11-18 09:54:07,736 [WARN] PackLoader:240 - Cannot read IP mode file for STMicroelectronics.X-CUBE-TOF1.3.4.1
2024-11-18 09:54:07,776 [WARN] PackLoader:240 - Cannot read IP mode file for STMicroelectronics.X-CUBE-AZRTOS-H7.3.2.0
2024-11-18 09:54:07,791 [WARN] PackLoader:240 - Cannot read IP mode file for Infineon.AIROC-Wi-Fi-Bluetooth-STM32.1.6.0
2024-11-18 09:54:07,799 [WARN] PackLoader:240 - Cannot read IP mode file for wolfSSL.I-CUBE-wolfSSH.1.4.17
2024-11-18 09:54:07,805 [INFO] ThirdParty:978 - Integrity check success = true
2024-11-18 09:54:07,805 [INFO] IntegrityCheckThread:100 - exiting critical section [integrity check]
2024-11-18 09:54:07,805 [INFO] IntegrityCheckThread:103 - End integrity checks thread
